Flow report for FPGA_VgaGame
Sun Dec 30 14:45:33 2018
Quartus II 64-Bit Version 13.1.0 Build 162 10/23/2013 SJ Full Version


---------------------
; Table of Contents ;
---------------------
  1. Legal Notice
  2. Flow Summary
  3. Flow Settings
  4. Flow Non-Default Global Settings
  5. Flow Elapsed Time
  6. Flow OS Summary
  7. Flow Log
  8. Flow Messages
  9. Flow Suppressed Messages



----------------
; Legal Notice ;
----------------
Copyright (C) 1991-2013 Altera Corporation
Your use of Altera Corporation's design tools, logic functions 
and other software and tools, and its AMPP partner logic 
functions, and any output files from any of the foregoing 
(including device programming or simulation files), and any 
associated documentation or information are expressly subject 
to the terms and conditions of the Altera Program License 
Subscription Agreement, Altera MegaCore Function License 
Agreement, or other applicable license agreement, including, 
without limitation, that your use is for the sole purpose of 
programming logic devices manufactured by Altera and sold by 
Altera or its authorized distributors.  Please refer to the 
applicable agreement for further details.



+-------------------------------------------------------------------------------+
; Flow Summary                                                                  ;
+---------------------------------+---------------------------------------------+
; Flow Status                     ; Successful - Sun Dec 30 14:45:33 2018       ;
; Quartus II 64-Bit Version       ; 13.1.0 Build 162 10/23/2013 SJ Full Version ;
; Revision Name                   ; FPGA_VgaGame                                ;
; Top-level Entity Name           ; vga_game                                    ;
; Family                          ; Cyclone V                                   ;
; Device                          ; 5CSEMA5F31C6                                ;
; Timing Models                   ; Preliminary                                 ;
; Logic utilization (in ALMs)     ; 3,660 / 32,070 ( 11 % )                     ;
; Total registers                 ; 751                                         ;
; Total pins                      ; 77 / 457 ( 17 % )                           ;
; Total virtual pins              ; 0                                           ;
; Total block memory bits         ; 0 / 4,065,280 ( 0 % )                       ;
; Total DSP Blocks                ; 5 / 87 ( 6 % )                              ;
; Total HSSI RX PCSs              ; 0                                           ;
; Total HSSI PMA RX Deserializers ; 0                                           ;
; Total HSSI TX PCSs              ; 0                                           ;
; Total HSSI TX Channels          ; 0                                           ;
; Total PLLs                      ; 0 / 6 ( 0 % )                               ;
; Total DLLs                      ; 0 / 4 ( 0 % )                               ;
+---------------------------------+---------------------------------------------+


+-----------------------------------------+
; Flow Settings                           ;
+-------------------+---------------------+
; Option            ; Setting             ;
+-------------------+---------------------+
; Start date & time ; 12/30/2018 14:42:39 ;
; Main task         ; Compilation         ;
; Revision Name     ; FPGA_VgaGame        ;
+-------------------+---------------------+


+---------------------------------------------------------------------------------------------------------------------+
; Flow Non-Default Global Settings                                                                                    ;
+-------------------------------------+--------------------------------+---------------+-------------+----------------+
; Assignment Name                     ; Value                          ; Default Value ; Entity Name ; Section Id     ;
+-------------------------------------+--------------------------------+---------------+-------------+----------------+
; COMPILER_SIGNATURE_ID               ; 22942255899020.154615215917780 ; --            ; --          ; --             ;
; EDA_OUTPUT_DATA_FORMAT              ; Vhdl                           ; --            ; --          ; eda_simulation ;
; EDA_SIMULATION_TOOL                 ; ModelSim-Altera (VHDL)         ; <None>        ; --          ; --             ;
; MAX_CORE_JUNCTION_TEMP              ; 85                             ; --            ; --          ; --             ;
; MIN_CORE_JUNCTION_TEMP              ; 0                              ; --            ; --          ; --             ;
; PARTITION_COLOR                     ; 16764057                       ; --            ; vga_game    ; Top            ;
; PARTITION_FITTER_PRESERVATION_LEVEL ; PLACEMENT_AND_ROUTING          ; --            ; vga_game    ; Top            ;
; PARTITION_NETLIST_TYPE              ; SOURCE                         ; --            ; vga_game    ; Top            ;
; PROJECT_OUTPUT_DIRECTORY            ; output_files                   ; --            ; --          ; --             ;
; TOP_LEVEL_ENTITY                    ; vga_game                       ; FPGA_VgaGame  ; --          ; --             ;
+-------------------------------------+--------------------------------+---------------+-------------+----------------+


+-------------------------------------------------------------------------------------------------------------------------------+
; Flow Elapsed Time                                                                                                             ;
+---------------------------+--------------+-------------------------+---------------------+------------------------------------+
; Module Name               ; Elapsed Time ; Average Processors Used ; Peak Virtual Memory ; Total CPU Time (on all processors) ;
+---------------------------+--------------+-------------------------+---------------------+------------------------------------+
; Analysis & Synthesis      ; 00:00:15     ; 1.0                     ; 4763 MB             ; 00:00:15                           ;
; Fitter                    ; 00:01:50     ; 2.5                     ; 6134 MB             ; 00:02:49                           ;
; Assembler                 ; 00:00:14     ; 1.0                     ; 4835 MB             ; 00:00:14                           ;
; TimeQuest Timing Analyzer ; 00:00:21     ; 2.3                     ; 5122 MB             ; 00:00:38                           ;
; EDA Netlist Writer        ; 00:00:02     ; 1.0                     ; 4700 MB             ; 00:00:02                           ;
; Total                     ; 00:02:42     ; --                      ; --                  ; 00:03:58                           ;
+---------------------------+--------------+-------------------------+---------------------+------------------------------------+


+----------------------------------------------------------------------------------------+
; Flow OS Summary                                                                        ;
+---------------------------+------------------+-----------+------------+----------------+
; Module Name               ; Machine Hostname ; OS Name   ; OS Version ; Processor type ;
+---------------------------+------------------+-----------+------------+----------------+
; Analysis & Synthesis      ; Prince-HaoHao    ; Windows 7 ; 6.2        ; x86_64         ;
; Fitter                    ; Prince-HaoHao    ; Windows 7 ; 6.2        ; x86_64         ;
; Assembler                 ; Prince-HaoHao    ; Windows 7 ; 6.2        ; x86_64         ;
; TimeQuest Timing Analyzer ; Prince-HaoHao    ; Windows 7 ; 6.2        ; x86_64         ;
; EDA Netlist Writer        ; Prince-HaoHao    ; Windows 7 ; 6.2        ; x86_64         ;
+---------------------------+------------------+-----------+------------+----------------+


------------
; Flow Log ;
------------
quartus_map --read_settings_files=on --write_settings_files=off FPGA_VgaGame -c FPGA_VgaGame
quartus_fit --read_settings_files=off --write_settings_files=off FPGA_VgaGame -c FPGA_VgaGame
quartus_asm --read_settings_files=off --write_settings_files=off FPGA_VgaGame -c FPGA_VgaGame
quartus_sta FPGA_VgaGame -c FPGA_VgaGame
quartus_eda --read_settings_files=off --write_settings_files=off FPGA_VgaGame -c FPGA_VgaGame



