Flow report for my_first_fpga
Thu Nov 15 20:24:55 2018
Quartus II 64-Bit Version 13.1.0 Build 162 10/23/2013 SJ Full Version


---------------------
; Table of Contents ;
---------------------
  1. Legal Notice
  2. Flow Summary
  3. Flow Settings
  4. Flow Non-Default Global Settings
  5. Flow Elapsed Time
  6. Flow OS Summary
  7. Flow Log
  8. Flow Messages
  9. Flow Suppressed Messages



----------------
; Legal Notice ;
----------------
Copyright (C) 1991-2013 Altera Corporation
Your use of Altera Corporation's design tools, logic functions 
and other software and tools, and its AMPP partner logic 
functions, and any output files from any of the foregoing 
(including device programming or simulation files), and any 
associated documentation or information are expressly subject 
to the terms and conditions of the Altera Program License 
Subscription Agreement, Altera MegaCore Function License 
Agreement, or other applicable license agreement, including, 
without limitation, that your use is for the sole purpose of 
programming logic devices manufactured by Altera and sold by 
Altera or its authorized distributors.  Please refer to the 
applicable agreement for further details.



+-------------------------------------------------------------------------------+
; Flow Summary                                                                  ;
+---------------------------------+---------------------------------------------+
; Flow Status                     ; Successful - Thu Nov 15 20:24:55 2018       ;
; Quartus II 64-Bit Version       ; 13.1.0 Build 162 10/23/2013 SJ Full Version ;
; Revision Name                   ; my_first_fpga                               ;
; Top-level Entity Name           ; my_first_fpga                               ;
; Family                          ; Cyclone V                                   ;
; Device                          ; 5CSEMA5F31C6                                ;
; Timing Models                   ; Preliminary                                 ;
; Logic utilization (in ALMs)     ; 16 / 32,070 ( < 1 % )                       ;
; Total registers                 ; 27                                          ;
; Total pins                      ; 7 / 457 ( 2 % )                             ;
; Total virtual pins              ; 0                                           ;
; Total block memory bits         ; 0 / 4,065,280 ( 0 % )                       ;
; Total DSP Blocks                ; 0 / 87 ( 0 % )                              ;
; Total HSSI RX PCSs              ; 0                                           ;
; Total HSSI PMA RX Deserializers ; 0                                           ;
; Total HSSI TX PCSs              ; 0                                           ;
; Total HSSI TX Channels          ; 0                                           ;
; Total PLLs                      ; 1 / 6 ( 17 % )                              ;
; Total DLLs                      ; 0 / 4 ( 0 % )                               ;
+---------------------------------+---------------------------------------------+


+-----------------------------------------+
; Flow Settings                           ;
+-------------------+---------------------+
; Option            ; Setting             ;
+-------------------+---------------------+
; Start date & time ; 11/15/2018 20:23:47 ;
; Main task         ; Compilation         ;
; Revision Name     ; my_first_fpga       ;
+-------------------+---------------------+


+---------------------------------------------------------------------------------------------------------------------+
; Flow Non-Default Global Settings                                                                                    ;
+-------------------------------------+--------------------------------+---------------+-------------+----------------+
; Assignment Name                     ; Value                          ; Default Value ; Entity Name ; Section Id     ;
+-------------------------------------+--------------------------------+---------------+-------------+----------------+
; COMPILER_SIGNATURE_ID               ; 22942255899020.154228462716356 ; --            ; --          ; --             ;
; EDA_OUTPUT_DATA_FORMAT              ; Vhdl                           ; --            ; --          ; eda_simulation ;
; EDA_SIMULATION_TOOL                 ; ModelSim-Altera (VHDL)         ; <None>        ; --          ; --             ;
; IP_TOOL_ENV                         ; mwpim                          ; --            ; pll         ; --             ;
; IP_TOOL_ENV                         ; mwpim                          ; --            ; pll         ; --             ;
; IP_TOOL_ENV                         ; mwpim                          ; --            ; pll_0002    ; --             ;
; IP_TOOL_NAME                        ; LPM_MUX                        ; --            ; --          ; --             ;
; IP_TOOL_NAME                        ; altera_pll                     ; --            ; pll         ; --             ;
; IP_TOOL_NAME                        ; altera_pll                     ; --            ; pll         ; --             ;
; IP_TOOL_NAME                        ; altera_pll                     ; --            ; pll_0002    ; --             ;
; IP_TOOL_VERSION                     ; 13.1                           ; --            ; --          ; --             ;
; IP_TOOL_VERSION                     ; 13.1                           ; --            ; pll         ; --             ;
; IP_TOOL_VERSION                     ; 13.1                           ; --            ; pll         ; --             ;
; IP_TOOL_VERSION                     ; 13.1                           ; --            ; pll_0002    ; --             ;
; MAX_CORE_JUNCTION_TEMP              ; 85                             ; --            ; --          ; --             ;
; MIN_CORE_JUNCTION_TEMP              ; 0                              ; --            ; --          ; --             ;
; MISC_FILE                           ; pll.cmp                        ; --            ; --          ; --             ;
; MISC_FILE                           ; pll_sim/pll.vo                 ; --            ; --          ; --             ;
; MISC_FILE                           ; counter_bus_mux.bsf            ; --            ; --          ; --             ;
; MISC_FILE                           ; counter_bus_mux_bb.v           ; --            ; --          ; --             ;
; PARTITION_COLOR                     ; 16764057                       ; --            ; --          ; Top            ;
; PARTITION_FITTER_PRESERVATION_LEVEL ; PLACEMENT_AND_ROUTING          ; --            ; --          ; Top            ;
; PARTITION_NETLIST_TYPE              ; SOURCE                         ; --            ; --          ; Top            ;
; PROJECT_OUTPUT_DIRECTORY            ; output_files                   ; --            ; --          ; --             ;
; SPD_FILE                            ; pll.spd                        ; --            ; --          ; --             ;
; SYNTHESIS_ONLY_QIP                  ; On                             ; --            ; --          ; --             ;
+-------------------------------------+--------------------------------+---------------+-------------+----------------+


+-------------------------------------------------------------------------------------------------------------------------------+
; Flow Elapsed Time                                                                                                             ;
+---------------------------+--------------+-------------------------+---------------------+------------------------------------+
; Module Name               ; Elapsed Time ; Average Processors Used ; Peak Virtual Memory ; Total CPU Time (on all processors) ;
+---------------------------+--------------+-------------------------+---------------------+------------------------------------+
; Analysis & Synthesis      ; 00:00:04     ; 1.0                     ; 4726 MB             ; 00:00:02                           ;
; Fitter                    ; 00:00:35     ; 1.6                     ; 6161 MB             ; 00:00:44                           ;
; Assembler                 ; 00:00:11     ; 1.0                     ; 4794 MB             ; 00:00:10                           ;
; TimeQuest Timing Analyzer ; 00:00:07     ; 1.0                     ; 5002 MB             ; 00:00:06                           ;
; EDA Netlist Writer        ; 00:00:01     ; 1.0                     ; 4644 MB             ; 00:00:01                           ;
; Total                     ; 00:00:58     ; --                      ; --                  ; 00:01:03                           ;
+---------------------------+--------------+-------------------------+---------------------+------------------------------------+


+----------------------------------------------------------------------------------------+
; Flow OS Summary                                                                        ;
+---------------------------+------------------+-----------+------------+----------------+
; Module Name               ; Machine Hostname ; OS Name   ; OS Version ; Processor type ;
+---------------------------+------------------+-----------+------------+----------------+
; Analysis & Synthesis      ; Prince-HaoHao    ; Windows 7 ; 6.2        ; x86_64         ;
; Fitter                    ; Prince-HaoHao    ; Windows 7 ; 6.2        ; x86_64         ;
; Assembler                 ; Prince-HaoHao    ; Windows 7 ; 6.2        ; x86_64         ;
; TimeQuest Timing Analyzer ; Prince-HaoHao    ; Windows 7 ; 6.2        ; x86_64         ;
; EDA Netlist Writer        ; Prince-HaoHao    ; Windows 7 ; 6.2        ; x86_64         ;
+---------------------------+------------------+-----------+------------+----------------+


------------
; Flow Log ;
------------
quartus_map --read_settings_files=on --write_settings_files=off my_first_fpga -c my_first_fpga
quartus_fit --read_settings_files=off --write_settings_files=off my_first_fpga -c my_first_fpga
quartus_asm --read_settings_files=off --write_settings_files=off my_first_fpga -c my_first_fpga
quartus_sta my_first_fpga -c my_first_fpga
quartus_eda --read_settings_files=off --write_settings_files=off my_first_fpga -c my_first_fpga



